********************************************************************************
DUPLICATOR-LITE PACKAGE-LOG: 25.12.2022 14:53
NOTICE: Do NOT post to public sites or forums 
********************************************************************************
VERSION:	1.5.1
WORDPRESS:	6.1.1
PHP INFO:	7.4.5 | SAPI: apache2handler
SERVER:		Apache 
PHP TIME LIMIT: (0) no time limit imposed 
PHP MAX MEMORY: 4294967296 (1536M default) 
MEMORY STACK: 22MB

********************************************************************************
DATABASE:
********************************************************************************
BUILD MODE:   MYSQLDUMP
MYSQLTIMEOUT: 5000
MYSQLDUMP:    Is Supported
SQL CREATED: 20221119_linkongrupp_9c448cf96ba964d37402_20221225145235_database.sql
SQL FILE SIZE: 2.8MB (2934833)
SQL FILE TIME: 2022-12-25 14:53:11
SQL RUNTIME: 9.51 sec.

********************************************************************************
ARCHIVE (ZIP):
********************************************************************************
ARCHIVE DIR:  C:/OpenServer/domains/linkon-group-wp
ARCHIVE FILE: 20221119_linkongrupp_9c448cf96ba964d37402_20221225145235_archive.zip
FILTERS: *OFF*
DIRS:
	not set
FILES:
	not set
EXTS:  not set
----------------------------------------
COMPRESSING
SIZE:	222.79MB
STATS:	Dirs 3,722 | Files 24,118
SQL ADDED: 20221119_linkongrupp_9c448cf96ba964d37402_20221225145235_database.sql
ZipArchive Object
(
    [status] => 0
    [statusSys] => 0
    [numFiles] => 27840
    [filename] => C:\OpenServer\domains\linkon-group-wp\wp-content\backups-dup-lite\tmp\20221119_linkongrupp_9c448cf96ba964d37402_20221225145235_archive.zip
    [comment] => 
)

FILE ADDED TO ZIP: 27839
COMPRESSION RESULT: '1'
COMPRESSED SIZE: 83.97MB
ARCHIVE RUNTIME: 165.93 sec.
MEMORY STACK: 30MB
building installer
ARCHIVE CONSISTENCY TEST: PASS

********************************************************************************
INTEGRITY CHECKS:
********************************************************************************
SQL FILE: 2.8MB
INSTALLER FILE: 73.35KB
ARCHIVE FILE: 86.14MB 
EXPECTED FILE/DIRECTORY COUNT: 27,840
ACTUAL FILE/DIRECTORY COUNT: 27,839
ТЕСТ ЛОГИКИ АРХИВА: Пройден

********************************************************************************
RECORD ID:[4]
TOTAL PROCESS RUNTIME: 178.83 sec.
PEAK PHP MEMORY USED: 36MB
DONE PROCESSING => 20221119_linkongrupp 25.12.2022 14:56

