********************************************************************************
DUPLICATOR-LITE PACKAGE-LOG: 19.11.2022 17:42
NOTICE: Do NOT post to public sites or forums 
********************************************************************************
VERSION:	1.5.1
WORDPRESS:	6.1.1
PHP INFO:	7.4.5 | SAPI: apache2handler
SERVER:		Apache 
PHP TIME LIMIT: (0) no time limit imposed 
PHP MAX MEMORY: 4294967296 (1536M default) 
MEMORY STACK: 10MB

********************************************************************************
DATABASE:
********************************************************************************
BUILD MODE:   MYSQLDUMP
MYSQLTIMEOUT: 5000
MYSQLDUMP:    Is Supported
SQL CREATED: 20221119_linkongrupp_850f82002620f68e2916_20221119174146_database.sql
SQL FILE SIZE: 2.03MB (2125267)
SQL FILE TIME: 2022-11-19 17:42:38
SQL RUNTIME: 6.88 sec.

********************************************************************************
ARCHIVE (ZIP):
********************************************************************************
ARCHIVE DIR:  C:/OpenServer/domains/linkon-group-wp
ARCHIVE FILE: 20221119_linkongrupp_850f82002620f68e2916_20221119174146_archive.zip
FILTERS: *OFF*
DIRS:
	not set
FILES:
	not set
EXTS:  not set
----------------------------------------
COMPRESSING
SIZE:	188.08MB
STATS:	Dirs 3,123 | Files 21,393
SQL ADDED: 20221119_linkongrupp_850f82002620f68e2916_20221119174146_database.sql
ZipArchive Object
(
    [status] => 0
    [statusSys] => 0
    [numFiles] => 24516
    [filename] => C:\OpenServer\domains\linkon-group-wp\wp-content\backups-dup-lite\tmp\20221119_linkongrupp_850f82002620f68e2916_20221119174146_archive.zip
    [comment] => 
)

FILE ADDED TO ZIP: 24515
COMPRESSION RESULT: '1'
COMPRESSED SIZE: 71.94MB
ARCHIVE RUNTIME: 125.39 sec.
MEMORY STACK: 18MB
building installer
ARCHIVE CONSISTENCY TEST: PASS

********************************************************************************
INTEGRITY CHECKS:
********************************************************************************
SQL FILE: 2.03MB
INSTALLER FILE: 73.35KB
ARCHIVE FILE: 74.06MB 
EXPECTED FILE/DIRECTORY COUNT: 24,516
ACTUAL FILE/DIRECTORY COUNT: 24,515
ТЕСТ ЛОГИКИ АРХИВА: Пройден

********************************************************************************
RECORD ID:[1]
TOTAL PROCESS RUNTIME: 136.28 sec.
PEAK PHP MEMORY USED: 24MB
DONE PROCESSING => 20221119_linkongrupp 19.11.2022 17:44

